<?xml version="1.0" encoding="UTF-8"?>
<!-- Generated by org.testng.reporters.JUnitReportReporter -->
<testsuite hostname="DESKTOP-2DK1TSA" failures="0" tests="2" name="MavenRahul.Mavenjava.APITest" time="0.010" errors="0" timestamp="2022-01-19T08:21:39 IST" skipped="0">
  <testcase classname="MavenRahul.Mavenjava.APITest" name="api" time="0.010"/>
  <system-out/>
  <testcase classname="MavenRahul.Mavenjava.APITest" name="apitool" time="0.000"/>
  <system-out/>
</testsuite> <!-- MavenRahul.Mavenjava.APITest -->
