<?xml version="1.0" encoding="UTF-8"?>
<!-- Generated by org.testng.reporters.JUnitReportReporter -->
<testsuite hostname="DESKTOP-2DK1TSA" failures="0" tests="2" name="MavenRahul.Mavenjava.SeleniumTest" time="0.001" errors="0" timestamp="2022-01-19T08:21:39 IST" skipped="0">
  <testcase classname="MavenRahul.Mavenjava.SeleniumTest" name="browser" time="0.001"/>
  <system-out/>
  <testcase classname="MavenRahul.Mavenjava.SeleniumTest" name="sele2" time="0.000"/>
  <system-out/>
</testsuite> <!-- MavenRahul.Mavenjava.SeleniumTest -->
