<?xml version="1.0" encoding="UTF-8"?>
<!-- Generated by org.testng.reporters.JUnitReportReporter -->
<testsuite hostname="DESKTOP-2DK1TSA" failures="0" tests="2" name="MavenRahul.Mavenjava.AppiumTest" time="0.003" errors="0" timestamp="2022-01-19T08:20:47 IST" skipped="0">
  <testcase classname="MavenRahul.Mavenjava.AppiumTest" name="port" time="0.002"/>
  <system-out/>
  <testcase classname="MavenRahul.Mavenjava.AppiumTest" name="appium" time="0.001"/>
  <system-out/>
</testsuite> <!-- MavenRahul.Mavenjava.AppiumTest -->
